<?xml version="1.0" encoding="UTF-8"?>
<!-- Generated by org.testng.reporters.JUnitXMLReporter -->
<testsuite ignored="0" hostname="administrator-Latitude-3490" failures="1" tests="2" name="seleinumLearning" time="0.799" errors="0" timestamp="2020-12-29T13:40:40 IST">
  <testcase classname="seleniumproject.TestClass.TestCases" name="@AfterMethod getResult" time="0.002">
    <failure type="java.lang.NullPointerException">
      <![CDATA[java.lang.NullPointerException
at seleniumproject.TestClass.TestCases.getResult(TestCases.java:61)
at java.base/java.util.ArrayList.forEach(ArrayList.java:1540)
at com.intellij.rt.testng.IDEARemoteTestNG.run(IDEARemoteTestNG.java:66)
at com.intellij.rt.testng.RemoteTestNGStarter.main(RemoteTestNGStarter.java:109)
... Removed 29 stack frames]]>
    </failure>
  </testcase> <!-- @AfterMethod getResult -->
  <testcase classname="seleniumproject.TestClass.TestCases" name="@AfterMethod tearDown" time="-1.609229440922E9">
    <skipped/>
  </testcase> <!-- @AfterMethod tearDown -->
  <testcase classname="seleniumproject.TestClass.TestCases" name="@AfterMethod getResult" time="-1.609229440927E9">
    <skipped/>
  </testcase> <!-- @AfterMethod getResult -->
  <testcase classname="seleniumproject.TestClass.TestCases" name="@AfterMethod tearDown" time="-1.609229440927E9">
    <skipped/>
  </testcase> <!-- @AfterMethod tearDown -->
  <testcase classname="seleniumproject.TestClass.TestCases" name="@AfterTest endReport" time="-1.609229440928E9">
    <skipped/>
  </testcase> <!-- @AfterTest endReport -->
  <testcase classname="seleniumproject.TestClass.TestCases" name="getTitleOfPage" time="0.001">
    <failure type="java.lang.NullPointerException">
      <![CDATA[java.lang.NullPointerException
at seleniumproject.TestClass.TestCases.getTitleOfPage(TestCases.java:24)
at java.base/java.util.ArrayList.forEach(ArrayList.java:1540)
at com.intellij.rt.testng.IDEARemoteTestNG.run(IDEARemoteTestNG.java:66)
at com.intellij.rt.testng.RemoteTestNGStarter.main(RemoteTestNGStarter.java:109)
... Removed 24 stack frames]]>
    </failure>
  </testcase> <!-- getTitleOfPage -->
  <testcase classname="seleniumproject.TestClass.TestCases" name="searchForCricket" time="0.0">
    <skipped/>
  </testcase> <!-- searchForCricket -->
</testsuite> <!-- seleinumLearning -->
