-------------------------------------------------------------------------------
Test set: TestSuite
-------------------------------------------------------------------------------
Tests run: 1, Failures: 1, Errors: 0, Skipped: 0, Time elapsed: 5.66 sec <<< FAILURE!
testcase1(seleniumproject.TestClass.googleSearchTest)  Time elapsed: 0.007 sec  <<< FAILURE!
java.lang.NullPointerException
	at seleniumproject.TestClass.googleSearchTest.testcase1(googleSearchTest.java:10)

